Flow report for Rhody_System
Tue Dec 20 15:51:26 2016
Quartus II 32-bit Version 13.0.1 Build 232 06/12/2013 Service Pack 1 SJ Full Version


---------------------
; Table of Contents ;
---------------------
  1. Legal Notice
  2. Flow Summary
  3. Flow Settings
  4. Flow Non-Default Global Settings
  5. Flow Elapsed Time
  6. Flow OS Summary
  7. Flow Log
  8. Flow Messages
  9. Flow Suppressed Messages



----------------
; Legal Notice ;
----------------
Copyright (C) 1991-2013 Altera Corporation
Your use of Altera Corporation's design tools, logic functions 
and other software and tools, and its AMPP partner logic 
functions, and any output files from any of the foregoing 
(including device programming or simulation files), and any 
associated documentation or information are expressly subject 
to the terms and conditions of the Altera Program License 
Subscription Agreement, Altera MegaCore Function License 
Agreement, or other applicable license agreement, including, 
without limitation, that your use is for the sole purpose of 
programming logic devices manufactured by Altera and sold by 
Altera or its authorized distributors.  Please refer to the 
applicable agreement for further details.



+---------------------------------------------------------------------------------------+
; Flow Summary                                                                          ;
+------------------------------------+--------------------------------------------------+
; Flow Status                        ; Successful - Tue Dec 20 15:51:26 2016            ;
; Quartus II 32-bit Version          ; 13.0.1 Build 232 06/12/2013 SP 1 SJ Full Version ;
; Revision Name                      ; Rhody_System                                     ;
; Top-level Entity Name              ; Rhody_System                                     ;
; Family                             ; Cyclone II                                       ;
; Device                             ; EP2C20F484C7                                     ;
; Timing Models                      ; Final                                            ;
; Total logic elements               ; 8,310 / 18,752 ( 44 % )                          ;
;     Total combinational functions  ; 8,061 / 18,752 ( 43 % )                          ;
;     Dedicated logic registers      ; 3,152 / 18,752 ( 17 % )                          ;
; Total registers                    ; 3152                                             ;
; Total pins                         ; 47 / 315 ( 15 % )                                ;
; Total virtual pins                 ; 0                                                ;
; Total memory bits                  ; 131,072 / 239,616 ( 55 % )                       ;
; Embedded Multiplier 9-bit elements ; 8 / 52 ( 15 % )                                  ;
; Total PLLs                         ; 0 / 4 ( 0 % )                                    ;
+------------------------------------+--------------------------------------------------+


+-----------------------------------------+
; Flow Settings                           ;
+-------------------+---------------------+
; Option            ; Setting             ;
+-------------------+---------------------+
; Start date & time ; 12/20/2016 15:50:00 ;
; Main task         ; Compilation         ;
; Revision Name     ; Rhody_System        ;
+-------------------+---------------------+


+----------------------------------------------------------------------------------------------------------------------------------------+
; Flow Non-Default Global Settings                                                                                                       ;
+-------------------------------------------------+---------------------------------------+---------------+-------------+----------------+
; Assignment Name                                 ; Value                                 ; Default Value ; Entity Name ; Section Id     ;
+-------------------------------------------------+---------------------------------------+---------------+-------------+----------------+
; COMPILER_SIGNATURE_ID                           ; 0.148226699917856                     ; --            ; --          ; --             ;
; EDA_OUTPUT_DATA_FORMAT                          ; Vhdl                                  ; --            ; --          ; eda_simulation ;
; EDA_SIMULATION_TOOL                             ; ModelSim-Altera (VHDL)                ; <None>        ; --          ; --             ;
; MAX_CORE_JUNCTION_TEMP                          ; 85                                    ; --            ; --          ; --             ;
; MIN_CORE_JUNCTION_TEMP                          ; 0                                     ; --            ; --          ; --             ;
; PARTITION_COLOR                                 ; 16764057                              ; --            ; --          ; Top            ;
; PARTITION_FITTER_PRESERVATION_LEVEL             ; PLACEMENT_AND_ROUTING                 ; --            ; --          ; Top            ;
; PARTITION_NETLIST_TYPE                          ; SOURCE                                ; --            ; --          ; Top            ;
; PHYSICAL_SYNTHESIS_COMBO_LOGIC_FOR_AREA         ; On                                    ; Off           ; --          ; --             ;
; PHYSICAL_SYNTHESIS_MAP_LOGIC_TO_MEMORY_FOR_AREA ; On                                    ; Off           ; --          ; --             ;
; POWER_BOARD_THERMAL_MODEL                       ; None (CONSERVATIVE)                   ; --            ; --          ; --             ;
; POWER_PRESET_COOLING_SOLUTION                   ; 23 MM HEAT SINK WITH 200 LFPM AIRFLOW ; --            ; --          ; --             ;
; PROJECT_OUTPUT_DIRECTORY                        ; output_files                          ; --            ; --          ; --             ;
; SEARCH_PATH                                     ; IO/                                   ; --            ; --          ; --             ;
+-------------------------------------------------+---------------------------------------+---------------+-------------+----------------+


+-------------------------------------------------------------------------------------------------------------------------------+
; Flow Elapsed Time                                                                                                             ;
+---------------------------+--------------+-------------------------+---------------------+------------------------------------+
; Module Name               ; Elapsed Time ; Average Processors Used ; Peak Virtual Memory ; Total CPU Time (on all processors) ;
+---------------------------+--------------+-------------------------+---------------------+------------------------------------+
; Analysis & Synthesis      ; 00:00:40     ; 1.0                     ; 464 MB              ; 00:00:38                           ;
; Fitter                    ; 00:00:28     ; 1.6                     ; 569 MB              ; 00:00:40                           ;
; Assembler                 ; 00:00:03     ; 1.0                     ; 363 MB              ; 00:00:02                           ;
; TimeQuest Timing Analyzer ; 00:00:02     ; 1.0                     ; 388 MB              ; 00:00:02                           ;
; EDA Netlist Writer        ; 00:00:06     ; 1.0                     ; 369 MB              ; 00:00:05                           ;
; Total                     ; 00:01:19     ; --                      ; --                  ; 00:01:27                           ;
+---------------------------+--------------+-------------------------+---------------------+------------------------------------+


+---------------------------------------------------------------------------------------------+
; Flow OS Summary                                                                             ;
+---------------------------+------------------+----------------+------------+----------------+
; Module Name               ; Machine Hostname ; OS Name        ; OS Version ; Processor type ;
+---------------------------+------------------+----------------+------------+----------------+
; Analysis & Synthesis      ; catfish          ; Ubuntu 16.04.1 ; 16         ; x86_64         ;
; Fitter                    ; catfish          ; Ubuntu 16.04.1 ; 16         ; x86_64         ;
; Assembler                 ; catfish          ; Ubuntu 16.04.1 ; 16         ; x86_64         ;
; TimeQuest Timing Analyzer ; catfish          ; Ubuntu 16.04.1 ; 16         ; x86_64         ;
; EDA Netlist Writer        ; catfish          ; Ubuntu 16.04.1 ; 16         ; x86_64         ;
+---------------------------+------------------+----------------+------------+----------------+


------------
; Flow Log ;
------------
quartus_map --read_settings_files=on --write_settings_files=off Rhody_System -c Rhody_System
quartus_fit --read_settings_files=off --write_settings_files=off Rhody_System -c Rhody_System
quartus_asm --read_settings_files=off --write_settings_files=off Rhody_System -c Rhody_System
quartus_sta Rhody_System -c Rhody_System
quartus_eda --read_settings_files=off --write_settings_files=off Rhody_System -c Rhody_System



